2019-04-24T14:18:44+00:00 CRITICAL Uncaught exception 'WC_Data_Exception' with message 'Invalid billing email address' in /opt/lampp/htdocs/msm/wp-content/plugins/woocommerce/includes/abstracts/abstract-wc-data.php:785
Stack trace:
#0 /opt/lampp/htdocs/msm/wp-content/plugins/woocommerce/includes/class-wc-customer.php(962): WC_Data->error('customer_invali...', 'Invalid billing...')
#1 /opt/lampp/htdocs/msm/wp-content/plugins/woocommerce/includes/data-stores/class-wc-customer-data-store-session.php(113): WC_Customer->set_billing_email('casting@localho...')
#2 /opt/lampp/htdocs/msm/wp-content/plugins/woocommerce/includes/class-wc-data-store.php(159): WC_Customer_Data_Store_Session->read(Object(WC_Customer))
#3 /opt/lampp/htdocs/msm/wp-content/plugins/woocommerce/includes/class-wc-customer.php(116): WC_Data_Store->read(Object(WC_Customer))
#4 /opt/lampp/htdocs/msm/wp-content/plugins/woocommerce/includes/class-woocommerce.php(492): WC_Customer->__construct(549, true)
#5 [internal function]: WooCommerce->init('')
#6 /opt/lampp/htdocs/msm/wp-includes in /opt/lampp/htdocs/msm/wp-content/plugins/woocommerce/includes/abstracts/abstract-wc-data.php on line 785

2019-04-24T14:19:24+00:00 CRITICAL Uncaught exception 'WC_Data_Exception' with message 'Invalid billing email address' in /opt/lampp/htdocs/msm/wp-content/plugins/woocommerce/includes/abstracts/abstract-wc-data.php:785
Stack trace:
#0 /opt/lampp/htdocs/msm/wp-content/plugins/woocommerce/includes/class-wc-customer.php(962): WC_Data->error('customer_invali...', 'Invalid billing...')
#1 /opt/lampp/htdocs/msm/wp-content/plugins/woocommerce/includes/data-stores/class-wc-customer-data-store-session.php(113): WC_Customer->set_billing_email('casting@localho...')
#2 /opt/lampp/htdocs/msm/wp-content/plugins/woocommerce/includes/class-wc-data-store.php(159): WC_Customer_Data_Store_Session->read(Object(WC_Customer))
#3 /opt/lampp/htdocs/msm/wp-content/plugins/woocommerce/includes/class-wc-customer.php(116): WC_Data_Store->read(Object(WC_Customer))
#4 /opt/lampp/htdocs/msm/wp-content/plugins/woocommerce/includes/class-woocommerce.php(492): WC_Customer->__construct(549, true)
#5 [internal function]: WooCommerce->init('')
#6 /opt/lampp/htdocs/msm/wp-includes in /opt/lampp/htdocs/msm/wp-content/plugins/woocommerce/includes/abstracts/abstract-wc-data.php on line 785

2019-04-24T14:19:25+00:00 CRITICAL Uncaught exception 'WC_Data_Exception' with message 'Invalid billing email address' in /opt/lampp/htdocs/msm/wp-content/plugins/woocommerce/includes/abstracts/abstract-wc-data.php:785
Stack trace:
#0 /opt/lampp/htdocs/msm/wp-content/plugins/woocommerce/includes/class-wc-customer.php(962): WC_Data->error('customer_invali...', 'Invalid billing...')
#1 /opt/lampp/htdocs/msm/wp-content/plugins/woocommerce/includes/data-stores/class-wc-customer-data-store-session.php(113): WC_Customer->set_billing_email('casting@localho...')
#2 /opt/lampp/htdocs/msm/wp-content/plugins/woocommerce/includes/class-wc-data-store.php(159): WC_Customer_Data_Store_Session->read(Object(WC_Customer))
#3 /opt/lampp/htdocs/msm/wp-content/plugins/woocommerce/includes/class-wc-customer.php(116): WC_Data_Store->read(Object(WC_Customer))
#4 /opt/lampp/htdocs/msm/wp-content/plugins/woocommerce/includes/class-woocommerce.php(492): WC_Customer->__construct(549, true)
#5 [internal function]: WooCommerce->init('')
#6 /opt/lampp/htdocs/msm/wp-includes in /opt/lampp/htdocs/msm/wp-content/plugins/woocommerce/includes/abstracts/abstract-wc-data.php on line 785

2019-04-24T14:19:44+00:00 CRITICAL Uncaught exception 'WC_Data_Exception' with message 'Invalid billing email address' in /opt/lampp/htdocs/msm/wp-content/plugins/woocommerce/includes/abstracts/abstract-wc-data.php:785
Stack trace:
#0 /opt/lampp/htdocs/msm/wp-content/plugins/woocommerce/includes/class-wc-customer.php(962): WC_Data->error('customer_invali...', 'Invalid billing...')
#1 /opt/lampp/htdocs/msm/wp-content/plugins/woocommerce/includes/data-stores/class-wc-customer-data-store-session.php(113): WC_Customer->set_billing_email('casting@localho...')
#2 /opt/lampp/htdocs/msm/wp-content/plugins/woocommerce/includes/class-wc-data-store.php(159): WC_Customer_Data_Store_Session->read(Object(WC_Customer))
#3 /opt/lampp/htdocs/msm/wp-content/plugins/woocommerce/includes/class-wc-customer.php(116): WC_Data_Store->read(Object(WC_Customer))
#4 /opt/lampp/htdocs/msm/wp-content/plugins/woocommerce/includes/class-woocommerce.php(492): WC_Customer->__construct(549, true)
#5 [internal function]: WooCommerce->init('')
#6 /opt/lampp/htdocs/msm/wp-includes in /opt/lampp/htdocs/msm/wp-content/plugins/woocommerce/includes/abstracts/abstract-wc-data.php on line 785

2019-04-24T14:19:45+00:00 CRITICAL Uncaught exception 'WC_Data_Exception' with message 'Invalid billing email address' in /opt/lampp/htdocs/msm/wp-content/plugins/woocommerce/includes/abstracts/abstract-wc-data.php:785
Stack trace:
#0 /opt/lampp/htdocs/msm/wp-content/plugins/woocommerce/includes/class-wc-customer.php(962): WC_Data->error('customer_invali...', 'Invalid billing...')
#1 /opt/lampp/htdocs/msm/wp-content/plugins/woocommerce/includes/data-stores/class-wc-customer-data-store-session.php(113): WC_Customer->set_billing_email('casting@localho...')
#2 /opt/lampp/htdocs/msm/wp-content/plugins/woocommerce/includes/class-wc-data-store.php(159): WC_Customer_Data_Store_Session->read(Object(WC_Customer))
#3 /opt/lampp/htdocs/msm/wp-content/plugins/woocommerce/includes/class-wc-customer.php(116): WC_Data_Store->read(Object(WC_Customer))
#4 /opt/lampp/htdocs/msm/wp-content/plugins/woocommerce/includes/class-woocommerce.php(492): WC_Customer->__construct(549, true)
#5 [internal function]: WooCommerce->init('')
#6 /opt/lampp/htdocs/msm/wp-includes in /opt/lampp/htdocs/msm/wp-content/plugins/woocommerce/includes/abstracts/abstract-wc-data.php on line 785

2019-04-24T14:19:46+00:00 CRITICAL Uncaught exception 'WC_Data_Exception' with message 'Invalid billing email address' in /opt/lampp/htdocs/msm/wp-content/plugins/woocommerce/includes/abstracts/abstract-wc-data.php:785
Stack trace:
#0 /opt/lampp/htdocs/msm/wp-content/plugins/woocommerce/includes/class-wc-customer.php(962): WC_Data->error('customer_invali...', 'Invalid billing...')
#1 /opt/lampp/htdocs/msm/wp-content/plugins/woocommerce/includes/data-stores/class-wc-customer-data-store-session.php(113): WC_Customer->set_billing_email('casting@localho...')
#2 /opt/lampp/htdocs/msm/wp-content/plugins/woocommerce/includes/class-wc-data-store.php(159): WC_Customer_Data_Store_Session->read(Object(WC_Customer))
#3 /opt/lampp/htdocs/msm/wp-content/plugins/woocommerce/includes/class-wc-customer.php(116): WC_Data_Store->read(Object(WC_Customer))
#4 /opt/lampp/htdocs/msm/wp-content/plugins/woocommerce/includes/class-woocommerce.php(492): WC_Customer->__construct(549, true)
#5 [internal function]: WooCommerce->init('')
#6 /opt/lampp/htdocs/msm/wp-includes in /opt/lampp/htdocs/msm/wp-content/plugins/woocommerce/includes/abstracts/abstract-wc-data.php on line 785

2019-04-24T14:19:46+00:00 CRITICAL Uncaught exception 'WC_Data_Exception' with message 'Invalid billing email address' in /opt/lampp/htdocs/msm/wp-content/plugins/woocommerce/includes/abstracts/abstract-wc-data.php:785
Stack trace:
#0 /opt/lampp/htdocs/msm/wp-content/plugins/woocommerce/includes/class-wc-customer.php(962): WC_Data->error('customer_invali...', 'Invalid billing...')
#1 /opt/lampp/htdocs/msm/wp-content/plugins/woocommerce/includes/data-stores/class-wc-customer-data-store-session.php(113): WC_Customer->set_billing_email('casting@localho...')
#2 /opt/lampp/htdocs/msm/wp-content/plugins/woocommerce/includes/class-wc-data-store.php(159): WC_Customer_Data_Store_Session->read(Object(WC_Customer))
#3 /opt/lampp/htdocs/msm/wp-content/plugins/woocommerce/includes/class-wc-customer.php(116): WC_Data_Store->read(Object(WC_Customer))
#4 /opt/lampp/htdocs/msm/wp-content/plugins/woocommerce/includes/class-woocommerce.php(492): WC_Customer->__construct(549, true)
#5 [internal function]: WooCommerce->init('')
#6 /opt/lampp/htdocs/msm/wp-includes in /opt/lampp/htdocs/msm/wp-content/plugins/woocommerce/includes/abstracts/abstract-wc-data.php on line 785

2019-04-24T14:19:47+00:00 CRITICAL Uncaught exception 'WC_Data_Exception' with message 'Invalid billing email address' in /opt/lampp/htdocs/msm/wp-content/plugins/woocommerce/includes/abstracts/abstract-wc-data.php:785
Stack trace:
#0 /opt/lampp/htdocs/msm/wp-content/plugins/woocommerce/includes/class-wc-customer.php(962): WC_Data->error('customer_invali...', 'Invalid billing...')
#1 /opt/lampp/htdocs/msm/wp-content/plugins/woocommerce/includes/data-stores/class-wc-customer-data-store-session.php(113): WC_Customer->set_billing_email('casting@localho...')
#2 /opt/lampp/htdocs/msm/wp-content/plugins/woocommerce/includes/class-wc-data-store.php(159): WC_Customer_Data_Store_Session->read(Object(WC_Customer))
#3 /opt/lampp/htdocs/msm/wp-content/plugins/woocommerce/includes/class-wc-customer.php(116): WC_Data_Store->read(Object(WC_Customer))
#4 /opt/lampp/htdocs/msm/wp-content/plugins/woocommerce/includes/class-woocommerce.php(492): WC_Customer->__construct(549, true)
#5 [internal function]: WooCommerce->init('')
#6 /opt/lampp/htdocs/msm/wp-includes in /opt/lampp/htdocs/msm/wp-content/plugins/woocommerce/includes/abstracts/abstract-wc-data.php on line 785

2019-04-24T14:19:47+00:00 CRITICAL Uncaught exception 'WC_Data_Exception' with message 'Invalid billing email address' in /opt/lampp/htdocs/msm/wp-content/plugins/woocommerce/includes/abstracts/abstract-wc-data.php:785
Stack trace:
#0 /opt/lampp/htdocs/msm/wp-content/plugins/woocommerce/includes/class-wc-customer.php(962): WC_Data->error('customer_invali...', 'Invalid billing...')
#1 /opt/lampp/htdocs/msm/wp-content/plugins/woocommerce/includes/data-stores/class-wc-customer-data-store-session.php(113): WC_Customer->set_billing_email('casting@localho...')
#2 /opt/lampp/htdocs/msm/wp-content/plugins/woocommerce/includes/class-wc-data-store.php(159): WC_Customer_Data_Store_Session->read(Object(WC_Customer))
#3 /opt/lampp/htdocs/msm/wp-content/plugins/woocommerce/includes/class-wc-customer.php(116): WC_Data_Store->read(Object(WC_Customer))
#4 /opt/lampp/htdocs/msm/wp-content/plugins/woocommerce/includes/class-woocommerce.php(492): WC_Customer->__construct(549, true)
#5 [internal function]: WooCommerce->init('')
#6 /opt/lampp/htdocs/msm/wp-includes in /opt/lampp/htdocs/msm/wp-content/plugins/woocommerce/includes/abstracts/abstract-wc-data.php on line 785

2019-04-24T14:19:47+00:00 CRITICAL Uncaught exception 'WC_Data_Exception' with message 'Invalid billing email address' in /opt/lampp/htdocs/msm/wp-content/plugins/woocommerce/includes/abstracts/abstract-wc-data.php:785
Stack trace:
#0 /opt/lampp/htdocs/msm/wp-content/plugins/woocommerce/includes/class-wc-customer.php(962): WC_Data->error('customer_invali...', 'Invalid billing...')
#1 /opt/lampp/htdocs/msm/wp-content/plugins/woocommerce/includes/data-stores/class-wc-customer-data-store-session.php(113): WC_Customer->set_billing_email('casting@localho...')
#2 /opt/lampp/htdocs/msm/wp-content/plugins/woocommerce/includes/class-wc-data-store.php(159): WC_Customer_Data_Store_Session->read(Object(WC_Customer))
#3 /opt/lampp/htdocs/msm/wp-content/plugins/woocommerce/includes/class-wc-customer.php(116): WC_Data_Store->read(Object(WC_Customer))
#4 /opt/lampp/htdocs/msm/wp-content/plugins/woocommerce/includes/class-woocommerce.php(492): WC_Customer->__construct(549, true)
#5 [internal function]: WooCommerce->init('')
#6 /opt/lampp/htdocs/msm/wp-includes in /opt/lampp/htdocs/msm/wp-content/plugins/woocommerce/includes/abstracts/abstract-wc-data.php on line 785

2019-04-24T14:19:48+00:00 CRITICAL Uncaught exception 'WC_Data_Exception' with message 'Invalid billing email address' in /opt/lampp/htdocs/msm/wp-content/plugins/woocommerce/includes/abstracts/abstract-wc-data.php:785
Stack trace:
#0 /opt/lampp/htdocs/msm/wp-content/plugins/woocommerce/includes/class-wc-customer.php(962): WC_Data->error('customer_invali...', 'Invalid billing...')
#1 /opt/lampp/htdocs/msm/wp-content/plugins/woocommerce/includes/data-stores/class-wc-customer-data-store-session.php(113): WC_Customer->set_billing_email('casting@localho...')
#2 /opt/lampp/htdocs/msm/wp-content/plugins/woocommerce/includes/class-wc-data-store.php(159): WC_Customer_Data_Store_Session->read(Object(WC_Customer))
#3 /opt/lampp/htdocs/msm/wp-content/plugins/woocommerce/includes/class-wc-customer.php(116): WC_Data_Store->read(Object(WC_Customer))
#4 /opt/lampp/htdocs/msm/wp-content/plugins/woocommerce/includes/class-woocommerce.php(492): WC_Customer->__construct(549, true)
#5 [internal function]: WooCommerce->init('')
#6 /opt/lampp/htdocs/msm/wp-includes in /opt/lampp/htdocs/msm/wp-content/plugins/woocommerce/includes/abstracts/abstract-wc-data.php on line 785

2019-04-24T14:19:50+00:00 CRITICAL Uncaught exception 'WC_Data_Exception' with message 'Invalid billing email address' in /opt/lampp/htdocs/msm/wp-content/plugins/woocommerce/includes/abstracts/abstract-wc-data.php:785
Stack trace:
#0 /opt/lampp/htdocs/msm/wp-content/plugins/woocommerce/includes/class-wc-customer.php(962): WC_Data->error('customer_invali...', 'Invalid billing...')
#1 /opt/lampp/htdocs/msm/wp-content/plugins/woocommerce/includes/data-stores/class-wc-customer-data-store-session.php(113): WC_Customer->set_billing_email('casting@localho...')
#2 /opt/lampp/htdocs/msm/wp-content/plugins/woocommerce/includes/class-wc-data-store.php(159): WC_Customer_Data_Store_Session->read(Object(WC_Customer))
#3 /opt/lampp/htdocs/msm/wp-content/plugins/woocommerce/includes/class-wc-customer.php(116): WC_Data_Store->read(Object(WC_Customer))
#4 /opt/lampp/htdocs/msm/wp-content/plugins/woocommerce/includes/class-woocommerce.php(492): WC_Customer->__construct(549, true)
#5 [internal function]: WooCommerce->init('')
#6 /opt/lampp/htdocs/msm/wp-includes in /opt/lampp/htdocs/msm/wp-content/plugins/woocommerce/includes/abstracts/abstract-wc-data.php on line 785

